<?xml version="1.0" encoding="UTF-8"?>
<testsuite name="test.pivotal.pal.tracker.TimeEntryControllerTest" tests="7" skipped="0" failures="0" errors="0" timestamp="2020-04-21T04:32:18" hostname="DESKTOP-1345FN6" time="3.025">
  <properties/>
  <testcase name="testList()" classname="test.pivotal.pal.tracker.TimeEntryControllerTest" time="2.963"/>
  <testcase name="testRead()" classname="test.pivotal.pal.tracker.TimeEntryControllerTest" time="0.025"/>
  <testcase name="testRead_NotFound()" classname="test.pivotal.pal.tracker.TimeEntryControllerTest" time="0.002"/>
  <testcase name="testUpdate_NotFound()" classname="test.pivotal.pal.tracker.TimeEntryControllerTest" time="0.029"/>
  <testcase name="testCreate()" classname="test.pivotal.pal.tracker.TimeEntryControllerTest" time="0.001"/>
  <testcase name="testDelete()" classname="test.pivotal.pal.tracker.TimeEntryControllerTest" time="0.001"/>
  <testcase name="testUpdate()" classname="test.pivotal.pal.tracker.TimeEntryControllerTest" time="0.001"/>
  <system-out><![CDATA[]]></system-out>
  <system-err><![CDATA[]]></system-err>
</testsuite>
